<?xml version="1.0" encoding="UTF-8"?>
<!-- Generated by org.testng.reporters.JUnitReportReporter -->
<testsuite hostname="DESKTOP-FNH4LSN" failures="0" tests="2" name="com.example.advanced.TestScrollUoDown" time="28.588" errors="0" timestamp="20 Aug 2018 19:34:53 GMT" skipped="0">
  <testcase classname="com.example.advanced.TestScrollUoDown" name="closePopUp" time="20.955"/>
  <testcase classname="com.example.advanced.TestScrollUoDown" name="scrollTest" time="7.633"/>
</testsuite> <!-- com.example.advanced.TestScrollUoDown -->
