<?xml version="1.0" encoding="UTF-8"?>
<!-- Generated by org.testng.reporters.JUnitReportReporter -->
<testsuite hostname="DESKTOP-FNH4LSN" failures="0" tests="1" name="com.selenium.basictests.SeleniumBasicsPartOne" time="44.790" errors="0" timestamp="15 Aug 2018 19:21:08 GMT" skipped="0">
  <testcase classname="com.selenium.basictests.SeleniumBasicsPartOne" name="basicCommands" time="44.790"/>
</testsuite> <!-- com.selenium.basictests.SeleniumBasicsPartOne -->
