<?xml version="1.0" encoding="UTF-8"?>
<!-- Generated by org.testng.reporters.JUnitReportReporter -->
<testsuite hostname="DESKTOP-FNH4LSN" failures="0" tests="1" name="com.example.advanced.TestRightClick" time="10.608" errors="0" timestamp="17 Aug 2018 20:09:32 GMT" skipped="0">
  <testcase classname="com.example.advanced.TestRightClick" name="rightClickTest" time="10.608"/>
</testsuite> <!-- com.example.advanced.TestRightClick -->
