<?xml version="1.0" encoding="UTF-8"?>
<!-- Generated by org.testng.reporters.JUnitReportReporter -->
<testsuite hostname="DESKTOP-FNH4LSN" failures="0" tests="1" name="com.selenium.basictests.BasicCommandsForBrowser" time="3.129" errors="0" timestamp="15 Aug 2018 19:44:05 GMT" skipped="0">
  <testcase classname="com.selenium.basictests.BasicCommandsForBrowser" name="basicCommandTest" time="3.129"/>
</testsuite> <!-- com.selenium.basictests.BasicCommandsForBrowser -->
