<?xml version="1.0" encoding="UTF-8"?>
<!-- Generated by org.testng.reporters.JUnitReportReporter -->
<testsuite hostname="DESKTOP-FNH4LSN" failures="0" tests="1" name="com.example.advanced.TestDropDown" time="24.621" errors="0" timestamp="17 Aug 2018 19:29:00 GMT" skipped="0">
  <testcase classname="com.example.advanced.TestDropDown" name="getDropDownTest" time="24.621"/>
</testsuite> <!-- com.example.advanced.TestDropDown -->
