<?xml version="1.0" encoding="UTF-8"?>
<!-- Generated by org.testng.reporters.JUnitReportReporter -->
<testsuite hostname="DESKTOP-FNH4LSN" failures="0" tests="1" name="com.selenium.basictests.TestCSSSelector" time="4.078" errors="0" timestamp="15 Aug 2018 21:36:32 GMT" skipped="0">
  <testcase classname="com.selenium.basictests.TestCSSSelector" name="searchWithCssSelectorTest" time="4.078"/>
</testsuite> <!-- com.selenium.basictests.TestCSSSelector -->
