<?xml version="1.0" encoding="UTF-8"?>
<!-- Generated by org.testng.reporters.JUnitReportReporter -->
<testsuite hostname="DESKTOP-FNH4LSN" failures="0" tests="1" name="com.example.advanced.TestScreenShot" time="1.602" errors="0" timestamp="20 Aug 2018 20:05:07 GMT" skipped="0">
  <testcase classname="com.example.advanced.TestScreenShot" name="screenShotTest" time="1.602"/>
</testsuite> <!-- com.example.advanced.TestScreenShot -->
