<?xml version="1.0" encoding="UTF-8"?>
<!-- Generated by org.testng.reporters.JUnitReportReporter -->
<testsuite hostname="DESKTOP-FNH4LSN" failures="0" tests="1" name="com.selenium.basictests.TestCaseAmazon" time="31.710" errors="0" timestamp="15 Aug 2018 20:43:26 GMT" skipped="0">
  <testcase classname="com.selenium.basictests.TestCaseAmazon" name="amazonChromeTest" time="31.710"/>
</testsuite> <!-- com.selenium.basictests.TestCaseAmazon -->
