<?xml version="1.0" encoding="UTF-8"?>
<!-- Generated by org.testng.reporters.JUnitReportReporter -->
<testsuite hostname="DESKTOP-FNH4LSN" failures="0" tests="1" name="com.example.advanced.TestMouseHover" time="11.653" errors="0" timestamp="17 Aug 2018 20:20:11 GMT" skipped="0">
  <testcase classname="com.example.advanced.TestMouseHover" name="mouseOverTest" time="11.653"/>
</testsuite> <!-- com.example.advanced.TestMouseHover -->
