<?xml version="1.0" encoding="UTF-8"?>
<!-- Generated by org.testng.reporters.JUnitReportReporter -->
<testsuite hostname="DESKTOP-FNH4LSN" failures="0" tests="1" name="com.example.advanced.TestRegister" time="10.947" errors="0" timestamp="17 Aug 2018 19:59:12 GMT" skipped="0">
  <testcase classname="com.example.advanced.TestRegister" name="getDropDownTest" time="10.947"/>
</testsuite> <!-- com.example.advanced.TestRegister -->
