<?xml version="1.0" encoding="UTF-8"?>
<!-- Generated by org.testng.reporters.JUnitReportReporter -->
<testsuite hostname="DESKTOP-FNH4LSN" failures="0" tests="1" name="com.selenium.basictests.TestW3School" time="10.035" errors="0" timestamp="15 Aug 2018 21:51:04 GMT" skipped="0">
  <testcase classname="com.selenium.basictests.TestW3School" name="goToW3Test" time="10.035"/>
</testsuite> <!-- com.selenium.basictests.TestW3School -->
